[  102039ms] [VERBOSE] [DOM] Input elements should have autocomplete attributes (suggested: "current-password"): (More info: https://goo.gl/9p2vKq) %o @ http://localhost:3001/login:0
[  102093ms] [INFO] %cDownload the React DevTools for a better development experience: https://react.dev/link/react-devtools font-weight:bold @ http://localhost:3001/_next/static/chunks/node_modules_next_dist_1ybzpk2._.js:2477
[  102230ms] [LOG] [HMR] connected @ http://localhost:3001/_next/static/chunks/node_modules_next_dist_1ybzpk2._.js:2477
[  316643ms] [LOG] [Fast Refresh] rebuilding @ http://localhost:3001/_next/static/chunks/node_modules_next_dist_1ybzpk2._.js:2477
[  316920ms] [LOG] [Fast Refresh] done in 359ms @ http://localhost:3001/_next/static/chunks/node_modules_next_dist_1ybzpk2._.js:2477
[  386300ms] [LOG] [Fast Refresh] rebuilding @ http://localhost:3001/_next/static/chunks/node_modules_next_dist_1ybzpk2._.js:2477
[  386371ms] [LOG] [Fast Refresh] done in 147ms @ http://localhost:3001/_next/static/chunks/node_modules_next_dist_1ybzpk2._.js:2477
[  394279ms] [LOG] [Fast Refresh] rebuilding @ http://localhost:3001/_next/static/chunks/node_modules_next_dist_1ybzpk2._.js:2477
[  394497ms] [LOG] [Fast Refresh] done in 305ms @ http://localhost:3001/_next/static/chunks/node_modules_next_dist_1ybzpk2._.js:2477
[  436741ms] [LOG] [Fast Refresh] rebuilding @ http://localhost:3001/_next/static/chunks/node_modules_next_dist_1ybzpk2._.js:2477
[  436762ms] [LOG] [Fast Refresh] done in 121ms @ http://localhost:3001/_next/static/chunks/node_modules_next_dist_1ybzpk2._.js:2477
[  439971ms] [LOG] [Fast Refresh] rebuilding @ http://localhost:3001/_next/static/chunks/node_modules_next_dist_1ybzpk2._.js:2477
[  440031ms] [LOG] [Fast Refresh] done in 164ms @ http://localhost:3001/_next/static/chunks/node_modules_next_dist_1ybzpk2._.js:2477
[  696573ms] [LOG] [Fast Refresh] rebuilding @ http://localhost:3001/_next/static/chunks/node_modules_next_dist_1ybzpk2._.js:2477
[  696759ms] [LOG] [Fast Refresh] done in 266ms @ http://localhost:3001/_next/static/chunks/node_modules_next_dist_1ybzpk2._.js:2477
[  704091ms] [ERROR] WebSocket connection to 'ws://localhost:3001/_next/webpack-hmr?id=vMAA2ryoKjGmj2r8qVDU8' failed: Error in connection establishment: net::ERR_CONNECTION_REFUSED @ http://localhost:3001/_next/static/chunks/node_modules_next_dist_client_0r5nbpw._.js:13422
[  705093ms] [ERROR] WebSocket connection to 'ws://localhost:3001/_next/webpack-hmr?id=vMAA2ryoKjGmj2r8qVDU8' failed: Error in connection establishment: net::ERR_CONNECTION_REFUSED @ http://localhost:3001/_next/static/chunks/node_modules_next_dist_client_0r5nbpw._.js:13422
[  706101ms] [ERROR] WebSocket connection to 'ws://localhost:3001/_next/webpack-hmr?id=vMAA2ryoKjGmj2r8qVDU8' failed: Error in connection establishment: net::ERR_CONNECTION_REFUSED @ http://localhost:3001/_next/static/chunks/node_modules_next_dist_client_0r5nbpw._.js:13422
[  707104ms] [ERROR] WebSocket connection to 'ws://localhost:3001/_next/webpack-hmr?id=vMAA2ryoKjGmj2r8qVDU8' failed: Error in connection establishment: net::ERR_CONNECTION_REFUSED @ http://localhost:3001/_next/static/chunks/node_modules_next_dist_client_0r5nbpw._.js:13422
[  708108ms] [ERROR] WebSocket connection to 'ws://localhost:3001/_next/webpack-hmr?id=vMAA2ryoKjGmj2r8qVDU8' failed: Error in connection establishment: net::ERR_CONNECTION_REFUSED @ http://localhost:3001/_next/static/chunks/node_modules_next_dist_client_0r5nbpw._.js:13422
[  713113ms] [ERROR] WebSocket connection to 'ws://localhost:3001/_next/webpack-hmr?id=vMAA2ryoKjGmj2r8qVDU8' failed: Error in connection establishment: net::ERR_CONNECTION_REFUSED @ http://localhost:3001/_next/static/chunks/node_modules_next_dist_client_0r5nbpw._.js:13422
[  718125ms] [ERROR] WebSocket connection to 'ws://localhost:3001/_next/webpack-hmr?id=vMAA2ryoKjGmj2r8qVDU8' failed: Error in connection establishment: net::ERR_CONNECTION_REFUSED @ http://localhost:3001/_next/static/chunks/node_modules_next_dist_client_0r5nbpw._.js:13422
[  723150ms] [ERROR] WebSocket connection to 'ws://localhost:3001/_next/webpack-hmr?id=vMAA2ryoKjGmj2r8qVDU8' failed: Error in connection establishment: net::ERR_CONNECTION_REFUSED @ http://localhost:3001/_next/static/chunks/node_modules_next_dist_client_0r5nbpw._.js:13422
[  728163ms] [ERROR] WebSocket connection to 'ws://localhost:3001/_next/webpack-hmr?id=vMAA2ryoKjGmj2r8qVDU8' failed: Error in connection establishment: net::ERR_CONNECTION_REFUSED @ http://localhost:3001/_next/static/chunks/node_modules_next_dist_client_0r5nbpw._.js:13422
[  733204ms] [ERROR] WebSocket connection to 'ws://localhost:3001/_next/webpack-hmr?id=vMAA2ryoKjGmj2r8qVDU8' failed: Error in connection establishment: net::ERR_CONNECTION_REFUSED @ http://localhost:3001/_next/static/chunks/node_modules_next_dist_client_0r5nbpw._.js:13422
[  738281ms] [ERROR] WebSocket connection to 'ws://localhost:3001/_next/webpack-hmr?id=vMAA2ryoKjGmj2r8qVDU8' failed: Error in connection establishment: net::ERR_CONNECTION_REFUSED @ http://localhost:3001/_next/static/chunks/node_modules_next_dist_client_0r5nbpw._.js:13422
[  743485ms] [ERROR] WebSocket connection to 'ws://localhost:3001/_next/webpack-hmr?id=vMAA2ryoKjGmj2r8qVDU8' failed: Error in connection establishment: net::ERR_CONNECTION_REFUSED @ http://localhost:3001/_next/static/chunks/node_modules_next_dist_client_0r5nbpw._.js:13422
[  843014ms] [VERBOSE] [DOM] Input elements should have autocomplete attributes (suggested: "current-password"): (More info: https://goo.gl/9p2vKq) %o @ http://localhost:3001/login:0
[  843146ms] [INFO] %cDownload the React DevTools for a better development experience: https://react.dev/link/react-devtools font-weight:bold @ http://localhost:3001/_next/static/chunks/node_modules_next_dist_1ybzpk2._.js:2477
[  843320ms] [LOG] [HMR] connected @ http://localhost:3001/_next/static/chunks/node_modules_next_dist_1ybzpk2._.js:2477
[  843515ms] [ERROR] Failed to load resource: the server responded with a status of 500 (Internal Server Error) @ http://localhost:3001/api/auth/refresh:0
[  843632ms] [LOG] [Fast Refresh] rebuilding @ http://localhost:3001/_next/static/chunks/node_modules_next_dist_1ybzpk2._.js:2477
[  844289ms] [LOG] [Fast Refresh] done in 757ms @ http://localhost:3001/_next/static/chunks/node_modules_next_dist_1ybzpk2._.js:2477
[  862797ms] [ERROR] WebSocket connection to 'ws://localhost:3001/_next/webpack-hmr?id=yasmHFWxEHNsYg8eNXdPE' failed: Error in connection establishment: net::ERR_CONNECTION_REFUSED @ http://localhost:3001/_next/static/chunks/node_modules_next_dist_client_0r5nbpw._.js:13422
[  863801ms] [ERROR] WebSocket connection to 'ws://localhost:3001/_next/webpack-hmr?id=yasmHFWxEHNsYg8eNXdPE' failed: Error in connection establishment: net::ERR_CONNECTION_REFUSED @ http://localhost:3001/_next/static/chunks/node_modules_next_dist_client_0r5nbpw._.js:13422
[  864805ms] [ERROR] WebSocket connection to 'ws://localhost:3001/_next/webpack-hmr?id=yasmHFWxEHNsYg8eNXdPE' failed: Error in connection establishment: net::ERR_CONNECTION_REFUSED @ http://localhost:3001/_next/static/chunks/node_modules_next_dist_client_0r5nbpw._.js:13422
[  865811ms] [ERROR] WebSocket connection to 'ws://localhost:3001/_next/webpack-hmr?id=yasmHFWxEHNsYg8eNXdPE' failed: Error in connection establishment: net::ERR_CONNECTION_REFUSED @ http://localhost:3001/_next/static/chunks/node_modules_next_dist_client_0r5nbpw._.js:13422
[  866816ms] [ERROR] WebSocket connection to 'ws://localhost:3001/_next/webpack-hmr?id=yasmHFWxEHNsYg8eNXdPE' failed: Error in connection establishment: net::ERR_CONNECTION_REFUSED @ http://localhost:3001/_next/static/chunks/node_modules_next_dist_client_0r5nbpw._.js:13422
[  871820ms] [ERROR] WebSocket connection to 'ws://localhost:3001/_next/webpack-hmr?id=yasmHFWxEHNsYg8eNXdPE' failed: Error in connection establishment: net::ERR_CONNECTION_REFUSED @ http://localhost:3001/_next/static/chunks/node_modules_next_dist_client_0r5nbpw._.js:13422
[  876826ms] [ERROR] WebSocket connection to 'ws://localhost:3001/_next/webpack-hmr?id=yasmHFWxEHNsYg8eNXdPE' failed: Error in connection establishment: net::ERR_CONNECTION_REFUSED @ http://localhost:3001/_next/static/chunks/node_modules_next_dist_client_0r5nbpw._.js:13422
[  881831ms] [ERROR] WebSocket connection to 'ws://localhost:3001/_next/webpack-hmr?id=yasmHFWxEHNsYg8eNXdPE' failed: Error in connection establishment: net::ERR_CONNECTION_REFUSED @ http://localhost:3001/_next/static/chunks/node_modules_next_dist_client_0r5nbpw._.js:13422
[  886907ms] [LOG] [HMR] connected @ http://localhost:3001/_next/static/chunks/node_modules_next_dist_1ybzpk2._.js:2477
[  888093ms] [VERBOSE] [DOM] Input elements should have autocomplete attributes (suggested: "current-password"): (More info: https://goo.gl/9p2vKq) %o @ http://localhost:3001/login:0
[  888191ms] [INFO] %cDownload the React DevTools for a better development experience: https://react.dev/link/react-devtools font-weight:bold @ http://localhost:3001/_next/static/chunks/node_modules_next_dist_1ybzpk2._.js:2477
[  888236ms] [LOG] [HMR] connected @ http://localhost:3001/_next/static/chunks/node_modules_next_dist_1ybzpk2._.js:2477
[  888366ms] [ERROR] Failed to load resource: the server responded with a status of 500 (Internal Server Error) @ http://localhost:3001/api/auth/refresh:0
[  888488ms] [LOG] [Fast Refresh] rebuilding @ http://localhost:3001/_next/static/chunks/node_modules_next_dist_1ybzpk2._.js:2477
[  888640ms] [LOG] [Fast Refresh] done in 253ms @ http://localhost:3001/_next/static/chunks/node_modules_next_dist_1ybzpk2._.js:2477
[  890013ms] [LOG] [Fast Refresh] rebuilding @ http://localhost:3001/_next/static/chunks/node_modules_next_dist_1ybzpk2._.js:2477
[  890069ms] [LOG] [Fast Refresh] done in 155ms @ http://localhost:3001/_next/static/chunks/node_modules_next_dist_1ybzpk2._.js:2477
[  909645ms] [ERROR] WebSocket connection to 'ws://localhost:3001/_next/webpack-hmr?id=z57_CpWpTxPhX-BZ04hDB' failed: Error in connection establishment: net::ERR_CONNECTION_REFUSED @ http://localhost:3001/_next/static/chunks/node_modules_next_dist_client_0r5nbpw._.js:13422
[  910649ms] [ERROR] WebSocket connection to 'ws://localhost:3001/_next/webpack-hmr?id=z57_CpWpTxPhX-BZ04hDB' failed: Error in connection establishment: net::ERR_CONNECTION_REFUSED @ http://localhost:3001/_next/static/chunks/node_modules_next_dist_client_0r5nbpw._.js:13422
[  911663ms] [ERROR] WebSocket connection to 'ws://localhost:3001/_next/webpack-hmr?id=z57_CpWpTxPhX-BZ04hDB' failed: Error in connection establishment: net::ERR_CONNECTION_REFUSED @ http://localhost:3001/_next/static/chunks/node_modules_next_dist_client_0r5nbpw._.js:13422
[  912668ms] [ERROR] WebSocket connection to 'ws://localhost:3001/_next/webpack-hmr?id=z57_CpWpTxPhX-BZ04hDB' failed: Error in connection establishment: net::ERR_CONNECTION_REFUSED @ http://localhost:3001/_next/static/chunks/node_modules_next_dist_client_0r5nbpw._.js:13422
[  913679ms] [ERROR] WebSocket connection to 'ws://localhost:3001/_next/webpack-hmr?id=z57_CpWpTxPhX-BZ04hDB' failed: Error in connection establishment: net::ERR_CONNECTION_REFUSED @ http://localhost:3001/_next/static/chunks/node_modules_next_dist_client_0r5nbpw._.js:13422
[  918684ms] [ERROR] WebSocket connection to 'ws://localhost:3001/_next/webpack-hmr?id=z57_CpWpTxPhX-BZ04hDB' failed: Error in connection establishment: net::ERR_CONNECTION_REFUSED @ http://localhost:3001/_next/static/chunks/node_modules_next_dist_client_0r5nbpw._.js:13422
[  923689ms] [ERROR] WebSocket connection to 'ws://localhost:3001/_next/webpack-hmr?id=z57_CpWpTxPhX-BZ04hDB' failed: Error in connection establishment: net::ERR_CONNECTION_REFUSED @ http://localhost:3001/_next/static/chunks/node_modules_next_dist_client_0r5nbpw._.js:13422
[  928694ms] [ERROR] WebSocket connection to 'ws://localhost:3001/_next/webpack-hmr?id=z57_CpWpTxPhX-BZ04hDB' failed: Error in connection establishment: net::ERR_CONNECTION_REFUSED @ http://localhost:3001/_next/static/chunks/node_modules_next_dist_client_0r5nbpw._.js:13422
[  933703ms] [ERROR] WebSocket connection to 'ws://localhost:3001/_next/webpack-hmr?id=z57_CpWpTxPhX-BZ04hDB' failed: Error in connection establishment: net::ERR_CONNECTION_REFUSED @ http://localhost:3001/_next/static/chunks/node_modules_next_dist_client_0r5nbpw._.js:13422
[  938711ms] [ERROR] WebSocket connection to 'ws://localhost:3001/_next/webpack-hmr?id=z57_CpWpTxPhX-BZ04hDB' failed: Error in connection establishment: net::ERR_CONNECTION_REFUSED @ http://localhost:3001/_next/static/chunks/node_modules_next_dist_client_0r5nbpw._.js:13422
[  943719ms] [ERROR] WebSocket connection to 'ws://localhost:3001/_next/webpack-hmr?id=z57_CpWpTxPhX-BZ04hDB' failed: Error in connection establishment: net::ERR_CONNECTION_REFUSED @ http://localhost:3001/_next/static/chunks/node_modules_next_dist_client_0r5nbpw._.js:13422
[  948724ms] [ERROR] WebSocket connection to 'ws://localhost:3001/_next/webpack-hmr?id=z57_CpWpTxPhX-BZ04hDB' failed: Error in connection establishment: net::ERR_CONNECTION_REFUSED @ http://localhost:3001/_next/static/chunks/node_modules_next_dist_client_0r5nbpw._.js:13422
[  985821ms] [VERBOSE] [DOM] Input elements should have autocomplete attributes (suggested: "current-password"): (More info: https://goo.gl/9p2vKq) %o @ http://localhost:3001/login:0
[  985920ms] [INFO] %cDownload the React DevTools for a better development experience: https://react.dev/link/react-devtools font-weight:bold @ http://localhost:3001/_next/static/chunks/node_modules_next_dist_1ybzpk2._.js:2477
[  986121ms] [LOG] [HMR] connected @ http://localhost:3001/_next/static/chunks/node_modules_next_dist_1ybzpk2._.js:2477
[ 1004925ms] [ERROR] WebSocket connection to 'ws://localhost:3001/_next/webpack-hmr?id=uIl_Acfru0dg4kZVORS7O' failed: Error in connection establishment: net::ERR_CONNECTION_REFUSED @ http://localhost:3001/_next/static/chunks/node_modules_next_dist_client_0r5nbpw._.js:13422
[ 1005928ms] [ERROR] WebSocket connection to 'ws://localhost:3001/_next/webpack-hmr?id=uIl_Acfru0dg4kZVORS7O' failed: Error in connection establishment: net::ERR_CONNECTION_REFUSED @ http://localhost:3001/_next/static/chunks/node_modules_next_dist_client_0r5nbpw._.js:13422
[ 1006932ms] [ERROR] WebSocket connection to 'ws://localhost:3001/_next/webpack-hmr?id=uIl_Acfru0dg4kZVORS7O' failed: Error in connection establishment: net::ERR_CONNECTION_REFUSED @ http://localhost:3001/_next/static/chunks/node_modules_next_dist_client_0r5nbpw._.js:13422
[ 1007934ms] [ERROR] WebSocket connection to 'ws://localhost:3001/_next/webpack-hmr?id=uIl_Acfru0dg4kZVORS7O' failed: Error in connection establishment: net::ERR_CONNECTION_REFUSED @ http://localhost:3001/_next/static/chunks/node_modules_next_dist_client_0r5nbpw._.js:13422
[ 1008935ms] [ERROR] WebSocket connection to 'ws://localhost:3001/_next/webpack-hmr?id=uIl_Acfru0dg4kZVORS7O' failed: Error in connection establishment: net::ERR_CONNECTION_REFUSED @ http://localhost:3001/_next/static/chunks/node_modules_next_dist_client_0r5nbpw._.js:13422
[ 1013938ms] [ERROR] WebSocket connection to 'ws://localhost:3001/_next/webpack-hmr?id=uIl_Acfru0dg4kZVORS7O' failed: Error in connection establishment: net::ERR_CONNECTION_REFUSED @ http://localhost:3001/_next/static/chunks/node_modules_next_dist_client_0r5nbpw._.js:13422
[ 1018942ms] [ERROR] WebSocket connection to 'ws://localhost:3001/_next/webpack-hmr?id=uIl_Acfru0dg4kZVORS7O' failed: Error in connection establishment: net::ERR_CONNECTION_REFUSED @ http://localhost:3001/_next/static/chunks/node_modules_next_dist_client_0r5nbpw._.js:13422
[ 1023946ms] [ERROR] WebSocket connection to 'ws://localhost:3001/_next/webpack-hmr?id=uIl_Acfru0dg4kZVORS7O' failed: Error in connection establishment: net::ERR_CONNECTION_REFUSED @ http://localhost:3001/_next/static/chunks/node_modules_next_dist_client_0r5nbpw._.js:13422
[ 1028951ms] [ERROR] WebSocket connection to 'ws://localhost:3001/_next/webpack-hmr?id=uIl_Acfru0dg4kZVORS7O' failed: Error in connection establishment: net::ERR_CONNECTION_REFUSED @ http://localhost:3001/_next/static/chunks/node_modules_next_dist_client_0r5nbpw._.js:13422
[ 1033956ms] [ERROR] WebSocket connection to 'ws://localhost:3001/_next/webpack-hmr?id=uIl_Acfru0dg4kZVORS7O' failed: Error in connection establishment: net::ERR_CONNECTION_REFUSED @ http://localhost:3001/_next/static/chunks/node_modules_next_dist_client_0r5nbpw._.js:13422
[ 1038963ms] [ERROR] WebSocket connection to 'ws://localhost:3001/_next/webpack-hmr?id=uIl_Acfru0dg4kZVORS7O' failed: Error in connection establishment: net::ERR_CONNECTION_REFUSED @ http://localhost:3001/_next/static/chunks/node_modules_next_dist_client_0r5nbpw._.js:13422
[ 1046357ms] [LOG] [HMR] connected @ http://localhost:3001/_next/static/chunks/node_modules_next_dist_1ybzpk2._.js:2477
[ 1047299ms] [VERBOSE] [DOM] Input elements should have autocomplete attributes (suggested: "current-password"): (More info: https://goo.gl/9p2vKq) %o @ http://localhost:3001/login:0
[ 1047363ms] [INFO] %cDownload the React DevTools for a better development experience: https://react.dev/link/react-devtools font-weight:bold @ http://localhost:3001/_next/static/chunks/node_modules_next_dist_1ybzpk2._.js:2477
[ 1047395ms] [LOG] [HMR] connected @ http://localhost:3001/_next/static/chunks/node_modules_next_dist_1ybzpk2._.js:2477
[ 1073912ms] [LOG] [Fast Refresh] rebuilding @ http://localhost:3001/_next/static/chunks/node_modules_next_dist_1ybzpk2._.js:2477
[ 1074030ms] [LOG] [Fast Refresh] done in 216ms @ http://localhost:3001/_next/static/chunks/node_modules_next_dist_1ybzpk2._.js:2477
[ 1075821ms] [LOG] [Fast Refresh] rebuilding @ http://localhost:3001/_next/static/chunks/node_modules_next_dist_1ybzpk2._.js:2477
[ 1075852ms] [LOG] [Fast Refresh] done in 137ms @ http://localhost:3001/_next/static/chunks/node_modules_next_dist_1ybzpk2._.js:2477
[ 1388944ms] [LOG] [Fast Refresh] rebuilding @ http://localhost:3001/_next/static/chunks/node_modules_next_dist_1ybzpk2._.js:2477
[ 1388949ms] [LOG] [Fast Refresh] done in 110ms @ http://localhost:3001/_next/static/chunks/node_modules_next_dist_1ybzpk2._.js:2477
